<?xml version="1.0" encoding="UTF-8"?>
<testng-results ignored="0" total="2" passed="2" failed="0" skipped="0">
  <reporter-output>
  </reporter-output>
  <suite started-at="2022-05-28T13:15:08 IST" name="Default suite" finished-at="2022-05-28T13:15:21 IST" duration-ms="12452">
    <groups>
      <group name="RegressionTest">
        <method signature="ethans_web_Testcript.puneclass()[pri:1, instance:ethane.web.test.ethans_web_Testcript@5b799640]" name="puneclass" class="ethane.web.test.ethans_web_Testcript"/>
      </group> <!-- RegressionTest -->
      <group name="SokeTest">
        <method signature="ethans_web_Testcript.Automation_syllabus()[pri:2, instance:ethane.web.test.ethans_web_Testcript@5b799640]" name="Automation_syllabus" class="ethane.web.test.ethans_web_Testcript"/>
      </group> <!-- SokeTest -->
    </groups>
    <test started-at="2022-05-28T13:15:08 IST" name="Default test" finished-at="2022-05-28T13:15:21 IST" duration-ms="12452">
      <class name="ethane.web.test.ethans_web_Testcript">
        <test-method is-config="true" signature="openEthansApp()[pri:0, instance:ethane.web.test.ethans_web_Testcript@5b799640]" started-at="2022-05-28T13:15:01 IST" name="openEthansApp" finished-at="2022-05-28T13:15:08 IST" duration-ms="7242" status="PASS">
          <reporter-output>
          </reporter-output>
        </test-method> <!-- openEthansApp -->
        <test-method signature="puneclass()[pri:1, instance:ethane.web.test.ethans_web_Testcript@5b799640]" started-at="2022-05-28T13:15:08 IST" name="puneclass" finished-at="2022-05-28T13:15:20 IST" duration-ms="11609" status="PASS">
          <reporter-output>
          </reporter-output>
        </test-method> <!-- puneclass -->
        <test-method signature="Automation_syllabus()[pri:2, instance:ethane.web.test.ethans_web_Testcript@5b799640]" started-at="2022-05-28T13:15:20 IST" name="Automation_syllabus" finished-at="2022-05-28T13:15:21 IST" duration-ms="774" status="PASS">
          <reporter-output>
          </reporter-output>
        </test-method> <!-- Automation_syllabus -->
        <test-method is-config="true" signature="Api_syllabus()[pri:0, instance:ethane.web.test.ethans_web_Testcript@5b799640]" started-at="2022-05-28T13:15:21 IST" name="Api_syllabus" finished-at="2022-05-28T13:15:25 IST" duration-ms="4714" status="PASS">
          <reporter-output>
          </reporter-output>
        </test-method> <!-- Api_syllabus -->
      </class> <!-- ethane.web.test.ethans_web_Testcript -->
    </test> <!-- Default test -->
  </suite> <!-- Default suite -->
</testng-results>
